c:\users\riris\documents\visual studio 2013\projects\braiddll\debug\braiddll.lib
c:\users\riris\documents\visual studio 2013\projects\braiddll\debug\braiddll.exp
c:\users\riris\documents\visual studio 2013\projects\braiddll\braiddll\debug\vc120.pdb
c:\users\riris\documents\visual studio 2013\projects\braiddll\braiddll\debug\vc120.idb
c:\users\riris\documents\visual studio 2013\projects\braiddll\braiddll\debug\braid.obj
c:\users\riris\documents\visual studio 2013\projects\braiddll\braiddll\debug\fwth_m.obj
c:\users\riris\documents\visual studio 2013\projects\braiddll\braiddll\debug\interpolate.obj
c:\users\riris\documents\visual studio 2013\projects\braiddll\braiddll\debug\memory_alloc.obj
c:\users\riris\documents\visual studio 2013\projects\braiddll\braiddll\debug\nativelib.obj
c:\users\riris\documents\visual studio 2013\projects\braiddll\braiddll\debug\ran1_m.obj
c:\users\riris\documents\visual studio 2013\projects\braiddll\debug\braiddll.ilk
c:\users\riris\documents\visual studio 2013\projects\braiddll\debug\braiddll.dll
c:\users\riris\documents\visual studio 2013\projects\braiddll\debug\braiddll.pdb
c:\users\riris\documents\visual studio 2013\projects\braiddll\braiddll\debug\braiddll.tlog\braiddll.write.1u.tlog
c:\users\riris\documents\visual studio 2013\projects\braiddll\braiddll\debug\braiddll.tlog\cl.command.1.tlog
c:\users\riris\documents\visual studio 2013\projects\braiddll\braiddll\debug\braiddll.tlog\cl.read.1.tlog
c:\users\riris\documents\visual studio 2013\projects\braiddll\braiddll\debug\braiddll.tlog\cl.write.1.tlog
c:\users\riris\documents\visual studio 2013\projects\braiddll\braiddll\debug\braiddll.tlog\link.command.1.tlog
c:\users\riris\documents\visual studio 2013\projects\braiddll\braiddll\debug\braiddll.tlog\link.read.1.tlog
c:\users\riris\documents\visual studio 2013\projects\braiddll\braiddll\debug\braiddll.tlog\link.write.1.tlog
